<testsuites id="" name="" tests="14" failures="9" skipped="0" errors="0" time="38.800002">
<testsuite name="auth-production.spec.ts" timestamp="2025-12-22T14:20:27.687Z" hostname="chromium" tests="14" failures="9" skipped="0" time="221.954" errors="0">
<testcase name="CCIP Authentication - Production E2E › Infrastructure › frontend is accessible" classname="auth-production.spec.ts" time="9.129">
<system-out>
<![CDATA[✅ Frontend is accessible
]]>
</system-out>
</testcase>
<testcase name="CCIP Authentication - Production E2E › Infrastructure › backend API is accessible" classname="auth-production.spec.ts" time="8.521">
<system-out>
<![CDATA[✅ Backend API is accessible
]]>
</system-out>
</testcase>
<testcase name="CCIP Authentication - Production E2E › Infrastructure › backend auth endpoints exist" classname="auth-production.spec.ts" time="8.701">
<system-out>
<![CDATA[✅ Backend auth endpoints exist
]]>
</system-out>
</testcase>
<testcase name="CCIP Authentication - Production E2E › Login Flow › login page loads correctly" classname="auth-production.spec.ts" time="20.143">
<failure message="auth-production.spec.ts:92:5 login page loads correctly" type="FAILURE">
<![CDATA[  [chromium] › auth-production.spec.ts:92:5 › CCIP Authentication - Production E2E › Login Flow › login page loads correctly 

    Error: expect(locator).toBeVisible() failed

    Locator: locator('input[type="email"], input[label*="Email"], input[name*="email"]').first()
    Expected: visible
    Timeout: 10000ms
    Error: element(s) not found

    Call log:
      - Expect "toBeVisible" with timeout 10000ms
      - waiting for locator('input[type="email"], input[label*="Email"], input[name*="email"]').first()


      100 |       const submitButton = page.locator('button[type="submit"], button:has-text("Sign"), button:has-text("Login")').first();
      101 |
    > 102 |       await expect(emailInput).toBeVisible({ timeout: 10000 });
          |                                ^
      103 |       await expect(passwordInput).toBeVisible();
      104 |       await expect(submitButton).toBeVisible();
      105 |       
        at C:\Users\Username\Documents\github\ccip\frontend\tests\e2e\auth-production.spec.ts:102:32

    attachment #1: screenshot (image/png) ──────────────────────────────────────────────────────────
    ..\..\test-results\auth-production-CCIP-Authe-67926--login-page-loads-correctly-chromium\test-failed-1.png
    ────────────────────────────────────────────────────────────────────────────────────────────────

    attachment #2: video (video/webm) ──────────────────────────────────────────────────────────────
    ..\..\test-results\auth-production-CCIP-Authe-67926--login-page-loads-correctly-chromium\video.webm
    ────────────────────────────────────────────────────────────────────────────────────────────────

    Error Context: ..\..\test-results\auth-production-CCIP-Authe-67926--login-page-loads-correctly-chromium\error-context.md

    attachment #4: trace (application/zip) ─────────────────────────────────────────────────────────
    ..\..\test-results\auth-production-CCIP-Authe-67926--login-page-loads-correctly-chromium\trace.zip
    Usage:

        npx playwright show-trace ..\..\test-results\auth-production-CCIP-Authe-67926--login-page-loads-correctly-chromium\trace.zip

    ────────────────────────────────────────────────────────────────────────────────────────────────
]]>
</failure>
<system-out>
<![CDATA[
[[ATTACHMENT|auth-production-CCIP-Authe-67926--login-page-loads-correctly-chromium\test-failed-1.png]]

[[ATTACHMENT|auth-production-CCIP-Authe-67926--login-page-loads-correctly-chromium\video.webm]]

[[ATTACHMENT|auth-production-CCIP-Authe-67926--login-page-loads-correctly-chromium\error-context.md]]

[[ATTACHMENT|auth-production-CCIP-Authe-67926--login-page-loads-correctly-chromium\trace.zip]]
]]>
</system-out>
</testcase>
<testcase name="CCIP Authentication - Production E2E › Login Flow › should login with valid credentials" classname="auth-production.spec.ts" time="25.007">
<failure message="auth-production.spec.ts:109:5 should login with valid credentials" type="FAILURE">
<![CDATA[  [chromium] › auth-production.spec.ts:109:5 › CCIP Authentication - Production E2E › Login Flow › should login with valid credentials 

    TimeoutError: locator.fill: Timeout 15000ms exceeded.
    Call log:
      - waiting for locator('input[type="email"], input[label*="Email"]').first()


      117 |       const submitButton = page.locator('button[type="submit"], button:has-text("Sign"), button:has-text("Login")').first();
      118 |
    > 119 |       await emailInput.fill(TEST_CREDENTIALS.email);
          |                        ^
      120 |       await passwordInput.fill(TEST_CREDENTIALS.password);
      121 |       
      122 |       // Submit form
        at C:\Users\Username\Documents\github\ccip\frontend\tests\e2e\auth-production.spec.ts:119:24

    attachment #1: screenshot (image/png) ──────────────────────────────────────────────────────────
    ..\..\test-results\auth-production-CCIP-Authe-42cfa-ogin-with-valid-credentials-chromium\test-failed-1.png
    ────────────────────────────────────────────────────────────────────────────────────────────────

    attachment #2: video (video/webm) ──────────────────────────────────────────────────────────────
    ..\..\test-results\auth-production-CCIP-Authe-42cfa-ogin-with-valid-credentials-chromium\video.webm
    ────────────────────────────────────────────────────────────────────────────────────────────────

    Error Context: ..\..\test-results\auth-production-CCIP-Authe-42cfa-ogin-with-valid-credentials-chromium\error-context.md

    attachment #4: trace (application/zip) ─────────────────────────────────────────────────────────
    ..\..\test-results\auth-production-CCIP-Authe-42cfa-ogin-with-valid-credentials-chromium\trace.zip
    Usage:

        npx playwright show-trace ..\..\test-results\auth-production-CCIP-Authe-42cfa-ogin-with-valid-credentials-chromium\trace.zip

    ────────────────────────────────────────────────────────────────────────────────────────────────
]]>
</failure>
<system-out>
<![CDATA[
[[ATTACHMENT|auth-production-CCIP-Authe-42cfa-ogin-with-valid-credentials-chromium\test-failed-1.png]]

[[ATTACHMENT|auth-production-CCIP-Authe-42cfa-ogin-with-valid-credentials-chromium\video.webm]]

[[ATTACHMENT|auth-production-CCIP-Authe-42cfa-ogin-with-valid-credentials-chromium\error-context.md]]

[[ATTACHMENT|auth-production-CCIP-Authe-42cfa-ogin-with-valid-credentials-chromium\trace.zip]]
]]>
</system-out>
</testcase>
<testcase name="CCIP Authentication - Production E2E › Login Flow › should show error with invalid credentials" classname="auth-production.spec.ts" time="25.593">
<failure message="auth-production.spec.ts:138:5 should show error with invalid credentials" type="FAILURE">
<![CDATA[  [chromium] › auth-production.spec.ts:138:5 › CCIP Authentication - Production E2E › Login Flow › should show error with invalid credentials 

    TimeoutError: locator.fill: Timeout 15000ms exceeded.
    Call log:
      - waiting for locator('input[type="email"], input[label*="Email"]').first()


      146 |       const submitButton = page.locator('button[type="submit"], button:has-text("Sign"), button:has-text("Login")').first();
      147 |
    > 148 |       await emailInput.fill('invalid@example.com');
          |                        ^
      149 |       await passwordInput.fill('wrongpassword');
      150 |       await submitButton.click();
      151 |
        at C:\Users\Username\Documents\github\ccip\frontend\tests\e2e\auth-production.spec.ts:148:24

    attachment #1: screenshot (image/png) ──────────────────────────────────────────────────────────
    ..\..\test-results\auth-production-CCIP-Authe-0be25-or-with-invalid-credentials-chromium\test-failed-1.png
    ────────────────────────────────────────────────────────────────────────────────────────────────

    attachment #2: video (video/webm) ──────────────────────────────────────────────────────────────
    ..\..\test-results\auth-production-CCIP-Authe-0be25-or-with-invalid-credentials-chromium\video.webm
    ────────────────────────────────────────────────────────────────────────────────────────────────

    Error Context: ..\..\test-results\auth-production-CCIP-Authe-0be25-or-with-invalid-credentials-chromium\error-context.md

    attachment #4: trace (application/zip) ─────────────────────────────────────────────────────────
    ..\..\test-results\auth-production-CCIP-Authe-0be25-or-with-invalid-credentials-chromium\trace.zip
    Usage:

        npx playwright show-trace ..\..\test-results\auth-production-CCIP-Authe-0be25-or-with-invalid-credentials-chromium\trace.zip

    ────────────────────────────────────────────────────────────────────────────────────────────────
]]>
</failure>
<system-out>
<![CDATA[
[[ATTACHMENT|auth-production-CCIP-Authe-0be25-or-with-invalid-credentials-chromium\test-failed-1.png]]

[[ATTACHMENT|auth-production-CCIP-Authe-0be25-or-with-invalid-credentials-chromium\video.webm]]

[[ATTACHMENT|auth-production-CCIP-Authe-0be25-or-with-invalid-credentials-chromium\error-context.md]]

[[ATTACHMENT|auth-production-CCIP-Authe-0be25-or-with-invalid-credentials-chromium\trace.zip]]
]]>
</system-out>
</testcase>
<testcase name="CCIP Authentication - Production E2E › Login Flow › should validate required fields" classname="auth-production.spec.ts" time="25.951">
<failure message="auth-production.spec.ts:164:5 should validate required fields" type="FAILURE">
<![CDATA[  [chromium] › auth-production.spec.ts:164:5 › CCIP Authentication - Production E2E › Login Flow › should validate required fields 

    TimeoutError: locator.click: Timeout 15000ms exceeded.
    Call log:
      - waiting for locator('button[type="submit"], button:has-text("Sign"), button:has-text("Login")').first()


      170 |       
      171 |       // Try to submit empty form
    > 172 |       await submitButton.click();
          |                          ^
      173 |       
      174 |       // Wait a bit for validation
      175 |       await page.waitForTimeout(1000);
        at C:\Users\Username\Documents\github\ccip\frontend\tests\e2e\auth-production.spec.ts:172:26

    attachment #1: screenshot (image/png) ──────────────────────────────────────────────────────────
    ..\..\test-results\auth-production-CCIP-Authe-3c673-ld-validate-required-fields-chromium\test-failed-1.png
    ────────────────────────────────────────────────────────────────────────────────────────────────

    attachment #2: video (video/webm) ──────────────────────────────────────────────────────────────
    ..\..\test-results\auth-production-CCIP-Authe-3c673-ld-validate-required-fields-chromium\video.webm
    ────────────────────────────────────────────────────────────────────────────────────────────────

    Error Context: ..\..\test-results\auth-production-CCIP-Authe-3c673-ld-validate-required-fields-chromium\error-context.md

    attachment #4: trace (application/zip) ─────────────────────────────────────────────────────────
    ..\..\test-results\auth-production-CCIP-Authe-3c673-ld-validate-required-fields-chromium\trace.zip
    Usage:

        npx playwright show-trace ..\..\test-results\auth-production-CCIP-Authe-3c673-ld-validate-required-fields-chromium\trace.zip

    ────────────────────────────────────────────────────────────────────────────────────────────────
]]>
</failure>
<system-out>
<![CDATA[
[[ATTACHMENT|auth-production-CCIP-Authe-3c673-ld-validate-required-fields-chromium\test-failed-1.png]]

[[ATTACHMENT|auth-production-CCIP-Authe-3c673-ld-validate-required-fields-chromium\video.webm]]

[[ATTACHMENT|auth-production-CCIP-Authe-3c673-ld-validate-required-fields-chromium\error-context.md]]

[[ATTACHMENT|auth-production-CCIP-Authe-3c673-ld-validate-required-fields-chromium\trace.zip]]
]]>
</system-out>
</testcase>
<testcase name="CCIP Authentication - Production E2E › Logout Flow › should logout successfully" classname="auth-production.spec.ts" time="25.822">
<failure message="auth-production.spec.ts:192:5 should logout successfully" type="FAILURE">
<![CDATA[  [chromium] › auth-production.spec.ts:192:5 › CCIP Authentication - Production E2E › Logout Flow › should logout successfully 

    TimeoutError: locator.fill: Timeout 15000ms exceeded.
    Call log:
      - waiting for locator('input[type="email"], input[label*="Email"]').first()


      200 |       const submitButton = page.locator('button[type="submit"], button:has-text("Sign"), button:has-text("Login")').first();
      201 |
    > 202 |       await emailInput.fill(TEST_CREDENTIALS.email);
          |                        ^
      203 |       await passwordInput.fill(TEST_CREDENTIALS.password);
      204 |       await submitButton.click();
      205 |       
        at C:\Users\Username\Documents\github\ccip\frontend\tests\e2e\auth-production.spec.ts:202:24

    attachment #1: screenshot (image/png) ──────────────────────────────────────────────────────────
    ..\..\test-results\auth-production-CCIP-Authe-08ba2--should-logout-successfully-chromium\test-failed-1.png
    ────────────────────────────────────────────────────────────────────────────────────────────────

    attachment #2: video (video/webm) ──────────────────────────────────────────────────────────────
    ..\..\test-results\auth-production-CCIP-Authe-08ba2--should-logout-successfully-chromium\video.webm
    ────────────────────────────────────────────────────────────────────────────────────────────────

    Error Context: ..\..\test-results\auth-production-CCIP-Authe-08ba2--should-logout-successfully-chromium\error-context.md

    attachment #4: trace (application/zip) ─────────────────────────────────────────────────────────
    ..\..\test-results\auth-production-CCIP-Authe-08ba2--should-logout-successfully-chromium\trace.zip
    Usage:

        npx playwright show-trace ..\..\test-results\auth-production-CCIP-Authe-08ba2--should-logout-successfully-chromium\trace.zip

    ────────────────────────────────────────────────────────────────────────────────────────────────
]]>
</failure>
<system-out>
<![CDATA[
[[ATTACHMENT|auth-production-CCIP-Authe-08ba2--should-logout-successfully-chromium\test-failed-1.png]]

[[ATTACHMENT|auth-production-CCIP-Authe-08ba2--should-logout-successfully-chromium\video.webm]]

[[ATTACHMENT|auth-production-CCIP-Authe-08ba2--should-logout-successfully-chromium\error-context.md]]

[[ATTACHMENT|auth-production-CCIP-Authe-08ba2--should-logout-successfully-chromium\trace.zip]]
]]>
</system-out>
</testcase>
<testcase name="CCIP Authentication - Production E2E › Registration Flow › registration page loads correctly" classname="auth-production.spec.ts" time="4.059">
<failure message="auth-production.spec.ts:247:5 registration page loads correctly" type="FAILURE">
<![CDATA[  [chromium] › auth-production.spec.ts:247:5 › CCIP Authentication - Production E2E › Registration Flow › registration page loads correctly 

    Error: expect(received).toBe(expected) // Object.is equality

    Expected: true
    Received: false

      252 |       // Check for registration form elements
      253 |       const hasForm = await page.locator('form, input[type="text"], input[type="email"]').count() > 0;
    > 254 |       expect(hasForm).toBe(true);
          |                       ^
      255 |       
      256 |       console.log('✅ Registration page loads correctly');
      257 |     });
        at C:\Users\Username\Documents\github\ccip\frontend\tests\e2e\auth-production.spec.ts:254:23

    attachment #1: screenshot (image/png) ──────────────────────────────────────────────────────────
    ..\..\test-results\auth-production-CCIP-Authe-446df-ration-page-loads-correctly-chromium\test-failed-1.png
    ────────────────────────────────────────────────────────────────────────────────────────────────

    attachment #2: video (video/webm) ──────────────────────────────────────────────────────────────
    ..\..\test-results\auth-production-CCIP-Authe-446df-ration-page-loads-correctly-chromium\video.webm
    ────────────────────────────────────────────────────────────────────────────────────────────────

    Error Context: ..\..\test-results\auth-production-CCIP-Authe-446df-ration-page-loads-correctly-chromium\error-context.md

    attachment #4: trace (application/zip) ─────────────────────────────────────────────────────────
    ..\..\test-results\auth-production-CCIP-Authe-446df-ration-page-loads-correctly-chromium\trace.zip
    Usage:

        npx playwright show-trace ..\..\test-results\auth-production-CCIP-Authe-446df-ration-page-loads-correctly-chromium\trace.zip

    ────────────────────────────────────────────────────────────────────────────────────────────────
]]>
</failure>
<system-out>
<![CDATA[
[[ATTACHMENT|auth-production-CCIP-Authe-446df-ration-page-loads-correctly-chromium\test-failed-1.png]]

[[ATTACHMENT|auth-production-CCIP-Authe-446df-ration-page-loads-correctly-chromium\video.webm]]

[[ATTACHMENT|auth-production-CCIP-Authe-446df-ration-page-loads-correctly-chromium\error-context.md]]

[[ATTACHMENT|auth-production-CCIP-Authe-446df-ration-page-loads-correctly-chromium\trace.zip]]
]]>
</system-out>
</testcase>
<testcase name="CCIP Authentication - Production E2E › Registration Flow › should complete registration flow" classname="auth-production.spec.ts" time="4.22">
</testcase>
<testcase name="CCIP Authentication - Production E2E › Route Guards › should redirect unauthenticated users to login" classname="auth-production.spec.ts" time="5.094">
<system-out>
<![CDATA[⚠️ Route guard behavior needs verification
]]>
</system-out>
</testcase>
<testcase name="CCIP Authentication - Production E2E › Route Guards › should allow authenticated users to access dashboard" classname="auth-production.spec.ts" time="20.377">
<failure message="auth-production.spec.ts:329:5 should allow authenticated users to access dashboard" type="FAILURE">
<![CDATA[  [chromium] › auth-production.spec.ts:329:5 › CCIP Authentication - Production E2E › Route Guards › should allow authenticated users to access dashboard 

    TimeoutError: locator.fill: Timeout 15000ms exceeded.
    Call log:
      - waiting for locator('input[type="email"], input[label*="Email"]').first()


      337 |       const submitButton = page.locator('button[type="submit"], button:has-text("Sign"), button:has-text("Login")').first();
      338 |
    > 339 |       await emailInput.fill(TEST_CREDENTIALS.email);
          |                        ^
      340 |       await passwordInput.fill(TEST_CREDENTIALS.password);
      341 |       await submitButton.click();
      342 |       
        at C:\Users\Username\Documents\github\ccip\frontend\tests\e2e\auth-production.spec.ts:339:24

    attachment #1: screenshot (image/png) ──────────────────────────────────────────────────────────
    ..\..\test-results\auth-production-CCIP-Authe-08f0d-d-users-to-access-dashboard-chromium\test-failed-1.png
    ────────────────────────────────────────────────────────────────────────────────────────────────

    attachment #2: video (video/webm) ──────────────────────────────────────────────────────────────
    ..\..\test-results\auth-production-CCIP-Authe-08f0d-d-users-to-access-dashboard-chromium\video.webm
    ────────────────────────────────────────────────────────────────────────────────────────────────

    Error Context: ..\..\test-results\auth-production-CCIP-Authe-08f0d-d-users-to-access-dashboard-chromium\error-context.md

    attachment #4: trace (application/zip) ─────────────────────────────────────────────────────────
    ..\..\test-results\auth-production-CCIP-Authe-08f0d-d-users-to-access-dashboard-chromium\trace.zip
    Usage:

        npx playwright show-trace ..\..\test-results\auth-production-CCIP-Authe-08f0d-d-users-to-access-dashboard-chromium\trace.zip

    ────────────────────────────────────────────────────────────────────────────────────────────────
]]>
</failure>
<system-out>
<![CDATA[
[[ATTACHMENT|auth-production-CCIP-Authe-08f0d-d-users-to-access-dashboard-chromium\test-failed-1.png]]

[[ATTACHMENT|auth-production-CCIP-Authe-08f0d-d-users-to-access-dashboard-chromium\video.webm]]

[[ATTACHMENT|auth-production-CCIP-Authe-08f0d-d-users-to-access-dashboard-chromium\error-context.md]]

[[ATTACHMENT|auth-production-CCIP-Authe-08f0d-d-users-to-access-dashboard-chromium\trace.zip]]
]]>
</system-out>
</testcase>
<testcase name="CCIP Authentication - Production E2E › Token Management › should store token after login" classname="auth-production.spec.ts" time="19.03">
<failure message="auth-production.spec.ts:357:5 should store token after login" type="FAILURE">
<![CDATA[  [chromium] › auth-production.spec.ts:357:5 › CCIP Authentication - Production E2E › Token Management › should store token after login 

    TimeoutError: locator.fill: Timeout 15000ms exceeded.
    Call log:
      - waiting for locator('input[type="email"], input[label*="Email"]').first()


      364 |       const submitButton = page.locator('button[type="submit"], button:has-text("Sign"), button:has-text("Login")').first();
      365 |
    > 366 |       await emailInput.fill(TEST_CREDENTIALS.email);
          |                        ^
      367 |       await passwordInput.fill(TEST_CREDENTIALS.password);
      368 |       await submitButton.click();
      369 |       
        at C:\Users\Username\Documents\github\ccip\frontend\tests\e2e\auth-production.spec.ts:366:24

    attachment #1: screenshot (image/png) ──────────────────────────────────────────────────────────
    ..\..\test-results\auth-production-CCIP-Authe-18d55-uld-store-token-after-login-chromium\test-failed-1.png
    ────────────────────────────────────────────────────────────────────────────────────────────────

    attachment #2: video (video/webm) ──────────────────────────────────────────────────────────────
    ..\..\test-results\auth-production-CCIP-Authe-18d55-uld-store-token-after-login-chromium\video.webm
    ────────────────────────────────────────────────────────────────────────────────────────────────

    Error Context: ..\..\test-results\auth-production-CCIP-Authe-18d55-uld-store-token-after-login-chromium\error-context.md

    attachment #4: trace (application/zip) ─────────────────────────────────────────────────────────
    ..\..\test-results\auth-production-CCIP-Authe-18d55-uld-store-token-after-login-chromium\trace.zip
    Usage:

        npx playwright show-trace ..\..\test-results\auth-production-CCIP-Authe-18d55-uld-store-token-after-login-chromium\trace.zip

    ────────────────────────────────────────────────────────────────────────────────────────────────
]]>
</failure>
<system-out>
<![CDATA[
[[ATTACHMENT|auth-production-CCIP-Authe-18d55-uld-store-token-after-login-chromium\test-failed-1.png]]

[[ATTACHMENT|auth-production-CCIP-Authe-18d55-uld-store-token-after-login-chromium\video.webm]]

[[ATTACHMENT|auth-production-CCIP-Authe-18d55-uld-store-token-after-login-chromium\error-context.md]]

[[ATTACHMENT|auth-production-CCIP-Authe-18d55-uld-store-token-after-login-chromium\trace.zip]]
]]>
</system-out>
</testcase>
<testcase name="CCIP Authentication - Production E2E › Token Management › should clear token after logout" classname="auth-production.spec.ts" time="20.307">
<failure message="auth-production.spec.ts:380:5 should clear token after logout" type="FAILURE">
<![CDATA[  [chromium] › auth-production.spec.ts:380:5 › CCIP Authentication - Production E2E › Token Management › should clear token after logout 

    TimeoutError: locator.fill: Timeout 15000ms exceeded.
    Call log:
      - waiting for locator('input[type="email"], input[label*="Email"]').first()


      388 |       const submitButton = page.locator('button[type="submit"], button:has-text("Sign"), button:has-text("Login")').first();
      389 |
    > 390 |       await emailInput.fill(TEST_CREDENTIALS.email);
          |                        ^
      391 |       await passwordInput.fill(TEST_CREDENTIALS.password);
      392 |       await submitButton.click();
      393 |       
        at C:\Users\Username\Documents\github\ccip\frontend\tests\e2e\auth-production.spec.ts:390:24

    attachment #1: screenshot (image/png) ──────────────────────────────────────────────────────────
    ..\..\test-results\auth-production-CCIP-Authe-bb401-ld-clear-token-after-logout-chromium\test-failed-1.png
    ────────────────────────────────────────────────────────────────────────────────────────────────

    attachment #2: video (video/webm) ──────────────────────────────────────────────────────────────
    ..\..\test-results\auth-production-CCIP-Authe-bb401-ld-clear-token-after-logout-chromium\video.webm
    ────────────────────────────────────────────────────────────────────────────────────────────────

    Error Context: ..\..\test-results\auth-production-CCIP-Authe-bb401-ld-clear-token-after-logout-chromium\error-context.md

    attachment #4: trace (application/zip) ─────────────────────────────────────────────────────────
    ..\..\test-results\auth-production-CCIP-Authe-bb401-ld-clear-token-after-logout-chromium\trace.zip
    Usage:

        npx playwright show-trace ..\..\test-results\auth-production-CCIP-Authe-bb401-ld-clear-token-after-logout-chromium\trace.zip

    ────────────────────────────────────────────────────────────────────────────────────────────────
]]>
</failure>
<system-out>
<![CDATA[
[[ATTACHMENT|auth-production-CCIP-Authe-bb401-ld-clear-token-after-logout-chromium\test-failed-1.png]]

[[ATTACHMENT|auth-production-CCIP-Authe-bb401-ld-clear-token-after-logout-chromium\video.webm]]

[[ATTACHMENT|auth-production-CCIP-Authe-bb401-ld-clear-token-after-logout-chromium\error-context.md]]

[[ATTACHMENT|auth-production-CCIP-Authe-bb401-ld-clear-token-after-logout-chromium\trace.zip]]
]]>
</system-out>
</testcase>
</testsuite>
</testsuites>